  drawBoard.cpp
c:\users\nikla\source\repos\project12\project12\drawboard.cpp(61): warning C4305: "Argument": Verkürzung von "double" in "float"
c:\users\nikla\source\repos\project12\project12\drawboard.cpp(62): warning C4244: "Argument": Konvertierung von "int" in "float", möglicher Datenverlust
c:\users\nikla\source\repos\project12\project12\drawboard.cpp(67): warning C4305: "Argument": Verkürzung von "double" in "float"
c:\users\nikla\source\repos\project12\project12\drawboard.cpp(68): warning C4244: "Argument": Konvertierung von "int" in "float", möglicher Datenverlust
c:\users\nikla\source\repos\project12\project12\drawboard.cpp(72): warning C4305: "Argument": Verkürzung von "double" in "float"
c:\users\nikla\source\repos\project12\project12\drawboard.cpp(73): warning C4244: "Argument": Konvertierung von "int" in "float", möglicher Datenverlust
c:\users\nikla\source\repos\project12\project12\drawboard.cpp(77): warning C4305: "Argument": Verkürzung von "double" in "float"
c:\users\nikla\source\repos\project12\project12\drawboard.cpp(78): warning C4244: "Argument": Konvertierung von "int" in "float", möglicher Datenverlust
c:\users\nikla\source\repos\project12\project12\drawboard.cpp(82): warning C4305: "Argument": Verkürzung von "double" in "float"
c:\users\nikla\source\repos\project12\project12\drawboard.cpp(83): warning C4244: "Argument": Konvertierung von "int" in "float", möglicher Datenverlust
c:\users\nikla\source\repos\project12\project12\drawboard.cpp(87): warning C4305: "Argument": Verkürzung von "double" in "float"
c:\users\nikla\source\repos\project12\project12\drawboard.cpp(88): warning C4244: "Argument": Konvertierung von "int" in "float", möglicher Datenverlust
c:\users\nikla\source\repos\project12\project12\drawboard.cpp(92): warning C4305: "Argument": Verkürzung von "double" in "float"
c:\users\nikla\source\repos\project12\project12\drawboard.cpp(93): warning C4244: "Argument": Konvertierung von "int" in "float", möglicher Datenverlust
c:\users\nikla\source\repos\project12\project12\drawboard.cpp(97): warning C4305: "Argument": Verkürzung von "double" in "float"
c:\users\nikla\source\repos\project12\project12\drawboard.cpp(98): warning C4244: "Argument": Konvertierung von "int" in "float", möglicher Datenverlust
c:\users\nikla\source\repos\project12\project12\drawboard.cpp(110): warning C4305: "Argument": Verkürzung von "double" in "float"
c:\users\nikla\source\repos\project12\project12\drawboard.cpp(111): warning C4305: "Argument": Verkürzung von "double" in "float"
c:\users\nikla\source\repos\project12\project12\drawboard.cpp(112): warning C4305: "Argument": Verkürzung von "double" in "float"
c:\users\nikla\source\repos\project12\project12\drawboard.cpp(113): warning C4305: "Argument": Verkürzung von "double" in "float"
c:\users\nikla\source\repos\project12\project12\drawboard.cpp(114): warning C4305: "Argument": Verkürzung von "double" in "float"
c:\users\nikla\source\repos\project12\project12\drawboard.cpp(115): warning C4305: "Argument": Verkürzung von "double" in "float"
c:\users\nikla\source\repos\project12\project12\drawboard.cpp(116): warning C4305: "Argument": Verkürzung von "double" in "float"
c:\users\nikla\source\repos\project12\project12\drawboard.cpp(117): warning C4305: "Argument": Verkürzung von "double" in "float"
c:\users\nikla\source\repos\project12\project12\drawboard.cpp(119): warning C4244: "Argument": Konvertierung von "int" in "float", möglicher Datenverlust
c:\users\nikla\source\repos\project12\project12\drawboard.cpp(120): warning C4244: "Argument": Konvertierung von "int" in "float", möglicher Datenverlust
c:\users\nikla\source\repos\project12\project12\drawboard.cpp(121): warning C4244: "Argument": Konvertierung von "int" in "float", möglicher Datenverlust
c:\users\nikla\source\repos\project12\project12\drawboard.cpp(122): warning C4244: "Argument": Konvertierung von "int" in "float", möglicher Datenverlust
c:\users\nikla\source\repos\project12\project12\drawboard.cpp(123): warning C4244: "Argument": Konvertierung von "int" in "float", möglicher Datenverlust
c:\users\nikla\source\repos\project12\project12\drawboard.cpp(124): warning C4244: "Argument": Konvertierung von "int" in "float", möglicher Datenverlust
c:\users\nikla\source\repos\project12\project12\drawboard.cpp(125): warning C4244: "Argument": Konvertierung von "int" in "float", möglicher Datenverlust
c:\users\nikla\source\repos\project12\project12\drawboard.cpp(126): warning C4244: "Argument": Konvertierung von "int" in "float", möglicher Datenverlust
c:\users\nikla\source\repos\project12\project12\drawboard.cpp(138): warning C4305: "Argument": Verkürzung von "double" in "float"
c:\users\nikla\source\repos\project12\project12\drawboard.cpp(139): warning C4305: "Argument": Verkürzung von "double" in "float"
c:\users\nikla\source\repos\project12\project12\drawboard.cpp(140): warning C4305: "Argument": Verkürzung von "double" in "float"
c:\users\nikla\source\repos\project12\project12\drawboard.cpp(141): warning C4305: "Argument": Verkürzung von "double" in "float"
c:\users\nikla\source\repos\project12\project12\drawboard.cpp(142): warning C4305: "Argument": Verkürzung von "double" in "float"
c:\users\nikla\source\repos\project12\project12\drawboard.cpp(143): warning C4305: "Argument": Verkürzung von "double" in "float"
c:\users\nikla\source\repos\project12\project12\drawboard.cpp(144): warning C4305: "Argument": Verkürzung von "double" in "float"
c:\users\nikla\source\repos\project12\project12\drawboard.cpp(145): warning C4305: "Argument": Verkürzung von "double" in "float"
c:\users\nikla\source\repos\project12\project12\drawboard.cpp(147): warning C4244: "Argument": Konvertierung von "int" in "float", möglicher Datenverlust
c:\users\nikla\source\repos\project12\project12\drawboard.cpp(148): warning C4244: "Argument": Konvertierung von "int" in "float", möglicher Datenverlust
c:\users\nikla\source\repos\project12\project12\drawboard.cpp(149): warning C4244: "Argument": Konvertierung von "int" in "float", möglicher Datenverlust
c:\users\nikla\source\repos\project12\project12\drawboard.cpp(150): warning C4244: "Argument": Konvertierung von "int" in "float", möglicher Datenverlust
c:\users\nikla\source\repos\project12\project12\drawboard.cpp(151): warning C4244: "Argument": Konvertierung von "int" in "float", möglicher Datenverlust
c:\users\nikla\source\repos\project12\project12\drawboard.cpp(152): warning C4244: "Argument": Konvertierung von "int" in "float", möglicher Datenverlust
c:\users\nikla\source\repos\project12\project12\drawboard.cpp(153): warning C4244: "Argument": Konvertierung von "int" in "float", möglicher Datenverlust
c:\users\nikla\source\repos\project12\project12\drawboard.cpp(154): warning C4244: "Argument": Konvertierung von "int" in "float", möglicher Datenverlust
c:\users\nikla\source\repos\project12\project12\drawboard.cpp(159): warning C4305: "Argument": Verkürzung von "double" in "float"
c:\users\nikla\source\repos\project12\project12\drawboard.cpp(160): warning C4244: "Argument": Konvertierung von "int" in "float", möglicher Datenverlust
c:\users\nikla\source\repos\project12\project12\drawboard.cpp(163): warning C4305: "Argument": Verkürzung von "double" in "float"
c:\users\nikla\source\repos\project12\project12\drawboard.cpp(164): warning C4244: "Argument": Konvertierung von "int" in "float", möglicher Datenverlust
c:\users\nikla\source\repos\project12\project12\drawboard.cpp(167): warning C4305: "Argument": Verkürzung von "double" in "float"
c:\users\nikla\source\repos\project12\project12\drawboard.cpp(168): warning C4244: "Argument": Konvertierung von "int" in "float", möglicher Datenverlust
c:\users\nikla\source\repos\project12\project12\drawboard.cpp(171): warning C4305: "Argument": Verkürzung von "double" in "float"
c:\users\nikla\source\repos\project12\project12\drawboard.cpp(172): warning C4244: "Argument": Konvertierung von "int" in "float", möglicher Datenverlust
c:\users\nikla\source\repos\project12\project12\drawboard.cpp(175): warning C4305: "Argument": Verkürzung von "double" in "float"
c:\users\nikla\source\repos\project12\project12\drawboard.cpp(176): warning C4244: "Argument": Konvertierung von "int" in "float", möglicher Datenverlust
c:\users\nikla\source\repos\project12\project12\drawboard.cpp(179): warning C4305: "Argument": Verkürzung von "double" in "float"
c:\users\nikla\source\repos\project12\project12\drawboard.cpp(180): warning C4244: "Argument": Konvertierung von "int" in "float", möglicher Datenverlust
c:\users\nikla\source\repos\project12\project12\drawboard.cpp(183): warning C4305: "Argument": Verkürzung von "double" in "float"
c:\users\nikla\source\repos\project12\project12\drawboard.cpp(184): warning C4244: "Argument": Konvertierung von "int" in "float", möglicher Datenverlust
c:\users\nikla\source\repos\project12\project12\drawboard.cpp(187): warning C4305: "Argument": Verkürzung von "double" in "float"
c:\users\nikla\source\repos\project12\project12\drawboard.cpp(188): warning C4244: "Argument": Konvertierung von "int" in "float", möglicher Datenverlust
  main.cpp
c:\users\nikla\source\repos\project12\project12\main.cpp(102): warning C4244: "Initialisierung": Konvertierung von "T" in "float", möglicher Datenverlust
          with
          [
              T=int
          ]
c:\users\nikla\source\repos\project12\project12\main.cpp(103): warning C4244: "Initialisierung": Konvertierung von "T" in "float", möglicher Datenverlust
          with
          [
              T=int
          ]
c:\users\nikla\source\repos\project12\project12\main.cpp(134): warning C4244: "Argument": Konvertierung von "T" in "T", möglicher Datenverlust
          with
          [
              T=int
          ]
          and
          [
              T=float
          ]
c:\users\nikla\source\repos\project12\project12\main.cpp(142): warning C4244: "Argument": Konvertierung von "T" in "T", möglicher Datenverlust
          with
          [
              T=int
          ]
          and
          [
              T=float
          ]
c:\users\nikla\source\repos\project12\project12\main.cpp(150): warning C4244: "Argument": Konvertierung von "T" in "T", möglicher Datenverlust
          with
          [
              T=int
          ]
          and
          [
              T=float
          ]
c:\users\nikla\source\repos\project12\project12\main.cpp(158): warning C4244: "Argument": Konvertierung von "T" in "T", möglicher Datenverlust
          with
          [
              T=int
          ]
          and
          [
              T=float
          ]
c:\users\nikla\source\repos\project12\project12\main.cpp(166): warning C4244: "Argument": Konvertierung von "T" in "T", möglicher Datenverlust
          with
          [
              T=int
          ]
          and
          [
              T=float
          ]
c:\users\nikla\source\repos\project12\project12\main.cpp(174): warning C4244: "Argument": Konvertierung von "T" in "T", möglicher Datenverlust
          with
          [
              T=int
          ]
          and
          [
              T=float
          ]
c:\users\nikla\source\repos\project12\project12\main.cpp(182): warning C4244: "Argument": Konvertierung von "T" in "T", möglicher Datenverlust
          with
          [
              T=int
          ]
          and
          [
              T=float
          ]
c:\users\nikla\source\repos\project12\project12\main.cpp(190): warning C4244: "Argument": Konvertierung von "T" in "T", möglicher Datenverlust
          with
          [
              T=int
          ]
          and
          [
              T=float
          ]
c:\users\nikla\source\repos\project12\project12\main.cpp(202): warning C4244: "Argument": Konvertierung von "T" in "T", möglicher Datenverlust
          with
          [
              T=int
          ]
          and
          [
              T=float
          ]
c:\users\nikla\source\repos\project12\project12\main.cpp(210): warning C4244: "Argument": Konvertierung von "T" in "T", möglicher Datenverlust
          with
          [
              T=int
          ]
          and
          [
              T=float
          ]
c:\users\nikla\source\repos\project12\project12\main.cpp(218): warning C4244: "Argument": Konvertierung von "T" in "T", möglicher Datenverlust
          with
          [
              T=int
          ]
          and
          [
              T=float
          ]
c:\users\nikla\source\repos\project12\project12\main.cpp(226): warning C4244: "Argument": Konvertierung von "T" in "T", möglicher Datenverlust
          with
          [
              T=int
          ]
          and
          [
              T=float
          ]
c:\users\nikla\source\repos\project12\project12\main.cpp(234): warning C4244: "Argument": Konvertierung von "T" in "T", möglicher Datenverlust
          with
          [
              T=int
          ]
          and
          [
              T=float
          ]
c:\users\nikla\source\repos\project12\project12\main.cpp(242): warning C4244: "Argument": Konvertierung von "T" in "T", möglicher Datenverlust
          with
          [
              T=int
          ]
          and
          [
              T=float
          ]
c:\users\nikla\source\repos\project12\project12\main.cpp(250): warning C4244: "Argument": Konvertierung von "T" in "T", möglicher Datenverlust
          with
          [
              T=int
          ]
          and
          [
              T=float
          ]
c:\users\nikla\source\repos\project12\project12\main.cpp(258): warning C4244: "Argument": Konvertierung von "T" in "T", möglicher Datenverlust
          with
          [
              T=int
          ]
          and
          [
              T=float
          ]
c:\users\nikla\source\repos\project12\project12\main.cpp(305): warning C4018: "<": Konflikt zwischen "signed" und "unsigned"
c:\users\nikla\source\repos\project12\project12\main.cpp(313): warning C4018: "<": Konflikt zwischen "signed" und "unsigned"
c:\users\nikla\source\repos\project12\project12\main.cpp(324): warning C4018: "<": Konflikt zwischen "signed" und "unsigned"
  Code wird generiert...
c:\users\nikla\source\repos\project12\project12\drawboard.cpp(3088): warning C4715: "DrawBoard::getIndexFromMousePosition": Nicht alle Codepfade geben einen Wert zurück.
  Project12.vcxproj -> C:\Users\nikla\source\repos\Project12\Debug\Project12.exe
